<!DOCTYPE html PUBLIC "-//W3C//DTD XHTML 1.1//EN http://www.w3.org/TR/xhtml11/DTD/xhtml11.dtd">
<html xmlns="http://www.w3.org/1999/xhtml">
<head>
<title>TestNG:  Unit Test</title>
<style type="text/css">
table caption,table.info_table,table.param,table.passed,table.failed {margin-bottom:10px;border:1px solid #000099;border-collapse:collapse;empty-cells:show;}
table.info_table td,table.info_table th,table.param td,table.param th,table.passed td,table.passed th,table.failed td,table.failed th {
border:1px solid #000099;padding:.25em .5em .25em .5em
}
table.param th {vertical-align:bottom}
td.numi,th.numi,td.numi_attn {
text-align:right
}
tr.total td {font-weight:bold}
table caption {
text-align:center;font-weight:bold;
}
table.passed tr.stripe td,table tr.passedodd td {background-color: #00AA00;}
table.passed td,table tr.passedeven td {background-color: #33FF33;}
table.passed tr.stripe td,table tr.skippedodd td {background-color: #cccccc;}
table.passed td,table tr.skippedodd td {background-color: #dddddd;}
table.failed tr.stripe td,table tr.failedodd td,table.param td.numi_attn {background-color: #FF3333;}
table.failed td,table tr.failedeven td,table.param tr.stripe td.numi_attn {background-color: #DD0000;}
tr.stripe td,tr.stripe th {background-color: #E6EBF9;}
p.totop {font-size:85%;text-align:center;border-bottom:2px black solid}
div.shootout {padding:2em;border:3px #4854A8 solid}
</style>
</head>
<body>
<table cellspacing=0 cellpadding=0 class="param">
<tr><th>Test</th><th class="numi">Methods<br/>Passed</th><th class="numi">Scenarios<br/>Passed</th><th class="numi"># skipped</th><th class="numi"># failed</th><th class="numi">Total<br/>Time</th><th class="numi">Included<br/>Groups</th><th class="numi">Excluded<br/>Groups</th></tr>
<tr><td style="text-align:left;padding-right:2em">assignment</td><td class="numi">0</td><td class="numi">0</td><td class="numi">0</td><td class="numi_attn">2</td><td class="numi">209.4 seconds</td><td class="numi"></td><td class="numi"></td></tr>
</table>
<a id="summary"></a>
<table cellspacing=0 cellpadding=0 class="passed">
<tr><th>Class</th><th>Method</th><th># of<br/>Scenarios</th><th>Time<br/>(Msecs)</th></tr>
<tr><th colspan="4">assignment &#8212; failed</th></tr>
<tr class="failedodd"><td rowspan="2">com.redmart.testdriver.RedMartTestDriver<td><a href="#m1"><b>feature</b> (cucumber) ("Runs Cucumber Feature")</a></td><td class="numi">2</td><td class="numi">159955</td></tr><tr class="failedodd"><td><a href="#m2"><b>feature</b> (cucumber) ("Runs Cucumber Feature")</a></td><td class="numi">2</td><td class="numi">159955</td></tr>
</table>
<h1>assignment</h1>
<a id="m1"></a><h2>com.redmart.testdriver.RedMartTestDriver:feature</h2>
<table cellspacing=0 cellpadding=0 class="param">
<tr><th style="padding-left:1em;padding-right:1em">Parameter #1</th></tr>
<tr><td style="padding-left:.5em;padding-right:2em">Test Login Page&apos;s features</td>
</tr>
<tr><td style="padding-left:3em" colspan="1">
<p>org.openqa.selenium.TimeoutException: Timed out after 30 seconds waiting for element to be clickable: By.cssSelector: content-desc = &apos;Menu opened&apos;
Build info: version: &apos;2.46.0&apos;, revision: &apos;61506a4624b13675f24581e453592342b7485d71&apos;, time: &apos;2015-06-04 10:22:50&apos;
System info: host: &apos;OptimusPrime&apos;, ip: &apos;192.168.1.73&apos;, os.name: &apos;Windows 10&apos;, os.arch: &apos;amd64&apos;, os.version: &apos;10.0&apos;, java.version: &apos;1.8.0_121&apos;
Driver info: io.appium.java_client.android.AndroidDriver
Capabilities [{app=C:\Users\optimus\workspace\assignment.rahul\target\test-classes\redmart.com.apk, appPackage=com.redmart.redmart, deviceScreenSize=1080x1920, networkConnectionEnabled=true, warnings={}, databaseEnabled=false, deviceName=emulator-5554, platform=LINUX, deviceUDID=emulator-5554, appActivity=com.redmart.redmart.usecases.start.StartActivity, fullreset=true, desired={app=C:\Users\optimus\workspace\assignment.rahul\target\test-classes\redmart.com.apk, appPackage=com.redmart.redmart, appActivity=com.redmart.redmart.usecases.start.StartActivity, fullreset=true, platformVersion=5.1.1, platformName=Android, deviceName=emulator-5554}, platformVersion=5.1.1, webStorageEnabled=false, locationContextEnabled=false, takesScreenshot=true, javascriptEnabled=true, deviceModel=Android SDK built for x86_64, platformName=Android, deviceManufacturer=unknown}]
Session ID: d59612b4-d69e-4b7f-a5b8-f541e3622c43</p>
cucumber.api.testng.TestNGCucumberRunner.runCucumber(TestNGCucumberRunner.java:69)
<br/>at cucumber.api.testng.AbstractTestNGCucumberTests.feature(AbstractTestNGCucumberTests.java:21)
<br/>at sun.reflect.NativeMethodAccessorImpl.invoke0(Native Method)
<br/>at sun.reflect.NativeMethodAccessorImpl.invoke(NativeMethodAccessorImpl.java:62)
<br/>at sun.reflect.DelegatingMethodAccessorImpl.invoke(DelegatingMethodAccessorImpl.java:43)
<br/>at java.lang.reflect.Method.invoke(Method.java:498)
<br/>at org.testng.internal.MethodInvocationHelper.invokeMethod(MethodInvocationHelper.java:80)
<br/>at org.testng.internal.Invoker.invokeMethod(Invoker.java:673)
<br/>at org.testng.internal.Invoker.invokeTestMethod(Invoker.java:842)
<br/>at org.testng.internal.Invoker.invokeTestMethods(Invoker.java:1166)
<br/>at org.testng.internal.TestMethodWorker.invokeTestMethods(TestMethodWorker.java:125)
<br/>at org.testng.internal.TestMethodWorker.run(TestMethodWorker.java:109)
<br/>at org.testng.TestRunner.runWorkers(TestRunner.java:1178)
<br/>at org.testng.TestRunner.privateRun(TestRunner.java:757)
<br/>at org.testng.TestRunner.run(TestRunner.java:608)
<br/>at org.testng.SuiteRunner.runTest(SuiteRunner.java:334)
<br/>at org.testng.SuiteRunner.runSequentially(SuiteRunner.java:329)
<br/>at org.testng.SuiteRunner.privateRun(SuiteRunner.java:291)
<br/>at org.testng.SuiteRunner.run(SuiteRunner.java:240)
<br/>at org.testng.SuiteRunnerWorker.runSuite(SuiteRunnerWorker.java:52)
<br/>at org.testng.SuiteRunnerWorker.run(SuiteRunnerWorker.java:86)
<br/>at org.testng.TestNG.runSuitesSequentially(TestNG.java:1158)
<br/>at org.testng.TestNG.runSuitesLocally(TestNG.java:1083)
<br/>at org.testng.TestNG.run(TestNG.java:999)
<br/>at org.testng.remote.AbstractRemoteTestNG.run(AbstractRemoteTestNG.java:132)
<br/>at org.testng.remote.RemoteTestNG.initAndRun(RemoteTestNG.java:230)
<br/>at org.testng.remote.RemoteTestNG.main(RemoteTestNG.java:76)
<br/>1 lines not shown
<p>Caused by Timed out after 30 seconds waiting for element to be clickable: By.cssSelector: content-desc = &apos;Menu opened&apos;
Build info: version: &apos;2.46.0&apos;, revision: &apos;61506a4624b13675f24581e453592342b7485d71&apos;, time: &apos;2015-06-04 10:22:50&apos;
System info: host: &apos;OptimusPrime&apos;, ip: &apos;192.168.1.73&apos;, os.name: &apos;Windows 10&apos;, os.arch: &apos;amd64&apos;, os.version: &apos;10.0&apos;, java.version: &apos;1.8.0_121&apos;
Driver info: io.appium.java_client.android.AndroidDriver
Capabilities [{app=C:\Users\optimus\workspace\assignment.rahul\target\test-classes\redmart.com.apk, appPackage=com.redmart.redmart, deviceScreenSize=1080x1920, networkConnectionEnabled=true, warnings={}, databaseEnabled=false, deviceName=emulator-5554, platform=LINUX, deviceUDID=emulator-5554, appActivity=com.redmart.redmart.usecases.start.StartActivity, fullreset=true, desired={app=C:\Users\optimus\workspace\assignment.rahul\target\test-classes\redmart.com.apk, appPackage=com.redmart.redmart, appActivity=com.redmart.redmart.usecases.start.StartActivity, fullreset=true, platformVersion=5.1.1, platformName=Android, deviceName=emulator-5554}, platformVersion=5.1.1, webStorageEnabled=false, locationContextEnabled=false, takesScreenshot=true, javascriptEnabled=true, deviceModel=Android SDK built for x86_64, platformName=Android, deviceManufacturer=unknown}]
Session ID: d59612b4-d69e-4b7f-a5b8-f541e3622c43</p>
org.openqa.selenium.support.ui.WebDriverWait.timeoutException(WebDriverWait.java:80)
<br/>at org.openqa.selenium.support.ui.FluentWait.until(FluentWait.java:229)
<br/>at com.redmart.pages.BasePage.waitForClickabilityOf(BasePage.java:58)
<br/>at com.redmart.stepdefs.LoginSteps.user_Navigates_to_Red_Mart_Login_Page(LoginSteps.java:16)
<br/>at ?.Given User Navigates to Red Mart Login Page(features/Login.feature:5)
<br/>1 lines not shown
<p>Caused by Locator Strategy &apos;css selector&apos; is not supported for this session (WARNING: The server did not provide any stacktrace information)
Command duration or timeout: 8 milliseconds
For documentation on this error, please visit: http://seleniumhq.org/exceptions/invalid_selector_exception.html
Build info: version: &apos;2.46.0&apos;, revision: &apos;61506a4624b13675f24581e453592342b7485d71&apos;, time: &apos;2015-06-04 10:22:50&apos;
System info: host: &apos;OptimusPrime&apos;, ip: &apos;192.168.1.73&apos;, os.name: &apos;Windows 10&apos;, os.arch: &apos;amd64&apos;, os.version: &apos;10.0&apos;, java.version: &apos;1.8.0_121&apos;
Driver info: io.appium.java_client.android.AndroidDriver
Capabilities [{app=C:\Users\optimus\workspace\assignment.rahul\target\test-classes\redmart.com.apk, appPackage=com.redmart.redmart, deviceScreenSize=1080x1920, networkConnectionEnabled=true, warnings={}, databaseEnabled=false, deviceName=emulator-5554, platform=LINUX, deviceUDID=emulator-5554, appActivity=com.redmart.redmart.usecases.start.StartActivity, fullreset=true, desired={app=C:\Users\optimus\workspace\assignment.rahul\target\test-classes\redmart.com.apk, appPackage=com.redmart.redmart, appActivity=com.redmart.redmart.usecases.start.StartActivity, fullreset=true, platformVersion=5.1.1, platformName=Android, deviceName=emulator-5554}, platformVersion=5.1.1, webStorageEnabled=false, locationContextEnabled=false, takesScreenshot=true, javascriptEnabled=true, deviceModel=Android SDK built for x86_64, platformName=Android, deviceManufacturer=unknown}]
Session ID: d59612b4-d69e-4b7f-a5b8-f541e3622c43
*** Element info: {Using=css selector, value=content-desc = &apos;Menu opened&apos;}</p>
sun.reflect.GeneratedConstructorAccessor14.newInstance(Unknown Source)
<br/>at sun.reflect.DelegatingConstructorAccessorImpl.newInstance(DelegatingConstructorAccessorImpl.java:45)
<br/>at java.lang.reflect.Constructor.newInstance(Constructor.java:423)
<br/>at org.openqa.selenium.remote.ErrorHandler.createThrowable(ErrorHandler.java:204)
<br/>at org.openqa.selenium.remote.ErrorHandler.throwIfResponseFailed(ErrorHandler.java:156)
<br/>at org.openqa.selenium.remote.RemoteWebDriver.execute(RemoteWebDriver.java:605)
<br/>at io.appium.java_client.DefaultGenericMobileDriver.execute(DefaultGenericMobileDriver.java:27)
<br/>at io.appium.java_client.AppiumDriver.execute(AppiumDriver.java:1)
<br/>at io.appium.java_client.android.AndroidDriver.execute(AndroidDriver.java:1)
<br/>at org.openqa.selenium.remote.RemoteWebDriver.findElement(RemoteWebDriver.java:358)
<br/>at org.openqa.selenium.remote.RemoteWebDriver.findElementByCssSelector(RemoteWebDriver.java:447)
<br/>at io.appium.java_client.DefaultGenericMobileDriver.findElementByCssSelector(DefaultGenericMobileDriver.java:91)
<br/>at io.appium.java_client.AppiumDriver.findElementByCssSelector(AppiumDriver.java:1)
<br/>at io.appium.java_client.android.AndroidDriver.findElementByCssSelector(AndroidDriver.java:1)
<br/>at org.openqa.selenium.By$ByCssSelector.findElement(By.java:426)
<br/>at org.openqa.selenium.remote.RemoteWebDriver.findElement(RemoteWebDriver.java:350)
<br/>at io.appium.java_client.DefaultGenericMobileDriver.findElement(DefaultGenericMobileDriver.java:37)
<br/>at io.appium.java_client.AppiumDriver.findElement(AppiumDriver.java:1)
<br/>at io.appium.java_client.android.AndroidDriver.findElement(AndroidDriver.java:1)
<br/>at org.openqa.selenium.support.ui.ExpectedConditions.findElement(ExpectedConditions.java:809)
<br/>at org.openqa.selenium.support.ui.ExpectedConditions.access$000(ExpectedConditions.java:41)
<br/>at org.openqa.selenium.support.ui.ExpectedConditions$7.apply(ExpectedConditions.java:205)
<br/>at org.openqa.selenium.support.ui.ExpectedConditions$7.apply(ExpectedConditions.java:201)
<br/>at org.openqa.selenium.support.ui.ExpectedConditions$20.apply(ExpectedConditions.java:603)
<br/>at org.openqa.selenium.support.ui.ExpectedConditions$20.apply(ExpectedConditions.java:596)
<br/>at org.openqa.selenium.support.ui.FluentWait.until(FluentWait.java:209)
<br/>at com.redmart.pages.BasePage.waitForClickabilityOf(BasePage.java:58)
<br/>at com.redmart.stepdefs.LoginSteps.user_Navigates_to_Red_Mart_Login_Page(LoginSteps.java:16)
<br/>at sun.reflect.NativeMethodAccessorImpl.invoke0(Native Method)
<br/>at sun.reflect.NativeMethodAccessorImpl.invoke(NativeMethodAccessorImpl.java:62)
<br/>at sun.reflect.DelegatingMethodAccessorImpl.invoke(DelegatingMethodAccessorImpl.java:43)
<br/>at java.lang.reflect.Method.invoke(Method.java:498)
<br/>at cucumber.runtime.Utils$1.call(Utils.java:40)
<br/>at cucumber.runtime.Timeout.timeout(Timeout.java:16)
<br/>at cucumber.runtime.Utils.invoke(Utils.java:34)
<br/>at cucumber.runtime.java.JavaStepDefinition.execute(JavaStepDefinition.java:38)
<br/>at cucumber.runtime.StepDefinitionMatch.runStep(StepDefinitionMatch.java:37)
<br/>at cucumber.runtime.Runtime.runStep(Runtime.java:300)
<br/>at cucumber.runtime.model.StepContainer.runStep(StepContainer.java:44)
<br/>at cucumber.runtime.model.StepContainer.runSteps(StepContainer.java:39)
<br/>at cucumber.runtime.model.CucumberScenario.run(CucumberScenario.java:44)
<br/>at cucumber.runtime.model.CucumberScenarioOutline.run(CucumberScenarioOutline.java:46)
<br/>at cucumber.runtime.model.CucumberFeature.run(CucumberFeature.java:165)
<br/>at cucumber.api.testng.TestNGCucumberRunner.runCucumber(TestNGCucumberRunner.java:63)
<br/>at cucumber.api.testng.AbstractTestNGCucumberTests.feature(AbstractTestNGCucumberTests.java:21)
<br/>at sun.reflect.NativeMethodAccessorImpl.invoke0(Native Method)
<br/>at sun.reflect.NativeMethodAccessorImpl.invoke(NativeMethodAccessorImpl.java:62)
<br/>at sun.reflect.DelegatingMethodAccessorImpl.invoke(DelegatingMethodAccessorImpl.java:43)
<br/>at java.lang.reflect.Method.invoke(Method.java:498)
<br/>at org.testng.internal.MethodInvocationHelper.invokeMethod(MethodInvocationHelper.java:80)
<br/>at org.testng.internal.Invoker.invokeMethod(Invoker.java:673)
<br/>at org.testng.internal.Invoker.invokeTestMethod(Invoker.java:842)
<br/>at org.testng.internal.Invoker.invokeTestMethods(Invoker.java:1166)
<br/>at org.testng.internal.TestMethodWorker.invokeTestMethods(TestMethodWorker.java:125)
<br/>at org.testng.internal.TestMethodWorker.run(TestMethodWorker.java:109)
<br/>at org.testng.TestRunner.runWorkers(TestRunner.java:1178)
<br/>at org.testng.TestRunner.privateRun(TestRunner.java:757)
<br/>at org.testng.TestRunner.run(TestRunner.java:608)
<br/>at org.testng.SuiteRunner.runTest(SuiteRunner.java:334)
<br/>at org.testng.SuiteRunner.runSequentially(SuiteRunner.java:329)
<br/>at org.testng.SuiteRunner.privateRun(SuiteRunner.java:291)
<br/>at org.testng.SuiteRunner.run(SuiteRunner.java:240)
<br/>at org.testng.SuiteRunnerWorker.runSuite(SuiteRunnerWorker.java:52)
<br/>at org.testng.SuiteRunnerWorker.run(SuiteRunnerWorker.java:86)
<br/>at org.testng.TestNG.runSuitesSequentially(TestNG.java:1158)
<br/>at org.testng.TestNG.runSuitesLocally(TestNG.java:1083)
<br/>at org.testng.TestNG.run(TestNG.java:999)
<br/>at org.testng.remote.AbstractRemoteTestNG.run(AbstractRemoteTestNG.java:132)
<br/>at org.testng.remote.RemoteTestNG.initAndRun(RemoteTestNG.java:230)
<br/>at org.testng.remote.RemoteTestNG.main(RemoteTestNG.java:76)
<br/>1 lines not shown
</td></tr>
<p class="totop"><a href="#summary">back to summary</a></p>
<a id="m2"></a><h2>com.redmart.testdriver.RedMartTestDriver:feature</h2>
<table cellspacing=0 cellpadding=0 class="param">
<tr><th style="padding-left:1em;padding-right:1em">Parameter #1</th></tr>
<tr><td style="padding-left:.5em;padding-right:2em">Test Registration Page&apos;s features</td>
</tr>
<tr><td style="padding-left:3em" colspan="1">
<p>org.openqa.selenium.TimeoutException: Timed out after 30 seconds waiting for visibility of element located by By.cssSelector: text = &apos;My Account&apos;
Build info: version: &apos;2.46.0&apos;, revision: &apos;61506a4624b13675f24581e453592342b7485d71&apos;, time: &apos;2015-06-04 10:22:50&apos;
System info: host: &apos;OptimusPrime&apos;, ip: &apos;192.168.1.73&apos;, os.name: &apos;Windows 10&apos;, os.arch: &apos;amd64&apos;, os.version: &apos;10.0&apos;, java.version: &apos;1.8.0_121&apos;
Driver info: io.appium.java_client.android.AndroidDriver
Capabilities [{app=C:\Users\optimus\workspace\assignment.rahul\target\test-classes\redmart.com.apk, appPackage=com.redmart.redmart, deviceScreenSize=1080x1920, networkConnectionEnabled=true, warnings={}, databaseEnabled=false, deviceName=emulator-5554, platform=LINUX, deviceUDID=emulator-5554, appActivity=com.redmart.redmart.usecases.start.StartActivity, fullreset=true, desired={app=C:\Users\optimus\workspace\assignment.rahul\target\test-classes\redmart.com.apk, appPackage=com.redmart.redmart, appActivity=com.redmart.redmart.usecases.start.StartActivity, fullreset=true, platformVersion=5.1.1, platformName=Android, deviceName=emulator-5554}, platformVersion=5.1.1, webStorageEnabled=false, locationContextEnabled=false, takesScreenshot=true, javascriptEnabled=true, deviceModel=Android SDK built for x86_64, platformName=Android, deviceManufacturer=unknown}]
Session ID: d59612b4-d69e-4b7f-a5b8-f541e3622c43</p>
cucumber.api.testng.TestNGCucumberRunner.runCucumber(TestNGCucumberRunner.java:69)
<br/>at cucumber.api.testng.AbstractTestNGCucumberTests.feature(AbstractTestNGCucumberTests.java:21)
<br/>at sun.reflect.NativeMethodAccessorImpl.invoke0(Native Method)
<br/>at sun.reflect.NativeMethodAccessorImpl.invoke(NativeMethodAccessorImpl.java:62)
<br/>at sun.reflect.DelegatingMethodAccessorImpl.invoke(DelegatingMethodAccessorImpl.java:43)
<br/>at java.lang.reflect.Method.invoke(Method.java:498)
<br/>at org.testng.internal.MethodInvocationHelper.invokeMethod(MethodInvocationHelper.java:80)
<br/>at org.testng.internal.Invoker.invokeMethod(Invoker.java:673)
<br/>at org.testng.internal.Invoker.invokeTestMethod(Invoker.java:842)
<br/>at org.testng.internal.Invoker.invokeTestMethods(Invoker.java:1166)
<br/>at org.testng.internal.TestMethodWorker.invokeTestMethods(TestMethodWorker.java:125)
<br/>at org.testng.internal.TestMethodWorker.run(TestMethodWorker.java:109)
<br/>at org.testng.TestRunner.runWorkers(TestRunner.java:1178)
<br/>at org.testng.TestRunner.privateRun(TestRunner.java:757)
<br/>at org.testng.TestRunner.run(TestRunner.java:608)
<br/>at org.testng.SuiteRunner.runTest(SuiteRunner.java:334)
<br/>at org.testng.SuiteRunner.runSequentially(SuiteRunner.java:329)
<br/>at org.testng.SuiteRunner.privateRun(SuiteRunner.java:291)
<br/>at org.testng.SuiteRunner.run(SuiteRunner.java:240)
<br/>at org.testng.SuiteRunnerWorker.runSuite(SuiteRunnerWorker.java:52)
<br/>at org.testng.SuiteRunnerWorker.run(SuiteRunnerWorker.java:86)
<br/>at org.testng.TestNG.runSuitesSequentially(TestNG.java:1158)
<br/>at org.testng.TestNG.runSuitesLocally(TestNG.java:1083)
<br/>at org.testng.TestNG.run(TestNG.java:999)
<br/>at org.testng.remote.AbstractRemoteTestNG.run(AbstractRemoteTestNG.java:132)
<br/>at org.testng.remote.RemoteTestNG.initAndRun(RemoteTestNG.java:230)
<br/>at org.testng.remote.RemoteTestNG.main(RemoteTestNG.java:76)
<br/>1 lines not shown
<p>Caused by Timed out after 30 seconds waiting for visibility of element located by By.cssSelector: text = &apos;My Account&apos;
Build info: version: &apos;2.46.0&apos;, revision: &apos;61506a4624b13675f24581e453592342b7485d71&apos;, time: &apos;2015-06-04 10:22:50&apos;
System info: host: &apos;OptimusPrime&apos;, ip: &apos;192.168.1.73&apos;, os.name: &apos;Windows 10&apos;, os.arch: &apos;amd64&apos;, os.version: &apos;10.0&apos;, java.version: &apos;1.8.0_121&apos;
Driver info: io.appium.java_client.android.AndroidDriver
Capabilities [{app=C:\Users\optimus\workspace\assignment.rahul\target\test-classes\redmart.com.apk, appPackage=com.redmart.redmart, deviceScreenSize=1080x1920, networkConnectionEnabled=true, warnings={}, databaseEnabled=false, deviceName=emulator-5554, platform=LINUX, deviceUDID=emulator-5554, appActivity=com.redmart.redmart.usecases.start.StartActivity, fullreset=true, desired={app=C:\Users\optimus\workspace\assignment.rahul\target\test-classes\redmart.com.apk, appPackage=com.redmart.redmart, appActivity=com.redmart.redmart.usecases.start.StartActivity, fullreset=true, platformVersion=5.1.1, platformName=Android, deviceName=emulator-5554}, platformVersion=5.1.1, webStorageEnabled=false, locationContextEnabled=false, takesScreenshot=true, javascriptEnabled=true, deviceModel=Android SDK built for x86_64, platformName=Android, deviceManufacturer=unknown}]
Session ID: d59612b4-d69e-4b7f-a5b8-f541e3622c43</p>
org.openqa.selenium.support.ui.WebDriverWait.timeoutException(WebDriverWait.java:80)
<br/>at org.openqa.selenium.support.ui.FluentWait.until(FluentWait.java:229)
<br/>at com.redmart.pages.BasePage.waitForVisibilityOf(BasePage.java:53)
<br/>at com.redmart.stepdefs.AccountSteps.account_should_be_visible(AccountSteps.java:14)
<br/>at ?.Then Account should be visible(features/Registration.feature:9)
<br/>1 lines not shown
<p>Caused by Locator Strategy &apos;css selector&apos; is not supported for this session (WARNING: The server did not provide any stacktrace information)
Command duration or timeout: 5 milliseconds
For documentation on this error, please visit: http://seleniumhq.org/exceptions/invalid_selector_exception.html
Build info: version: &apos;2.46.0&apos;, revision: &apos;61506a4624b13675f24581e453592342b7485d71&apos;, time: &apos;2015-06-04 10:22:50&apos;
System info: host: &apos;OptimusPrime&apos;, ip: &apos;192.168.1.73&apos;, os.name: &apos;Windows 10&apos;, os.arch: &apos;amd64&apos;, os.version: &apos;10.0&apos;, java.version: &apos;1.8.0_121&apos;
Driver info: io.appium.java_client.android.AndroidDriver
Capabilities [{app=C:\Users\optimus\workspace\assignment.rahul\target\test-classes\redmart.com.apk, appPackage=com.redmart.redmart, deviceScreenSize=1080x1920, networkConnectionEnabled=true, warnings={}, databaseEnabled=false, deviceName=emulator-5554, platform=LINUX, deviceUDID=emulator-5554, appActivity=com.redmart.redmart.usecases.start.StartActivity, fullreset=true, desired={app=C:\Users\optimus\workspace\assignment.rahul\target\test-classes\redmart.com.apk, appPackage=com.redmart.redmart, appActivity=com.redmart.redmart.usecases.start.StartActivity, fullreset=true, platformVersion=5.1.1, platformName=Android, deviceName=emulator-5554}, platformVersion=5.1.1, webStorageEnabled=false, locationContextEnabled=false, takesScreenshot=true, javascriptEnabled=true, deviceModel=Android SDK built for x86_64, platformName=Android, deviceManufacturer=unknown}]
Session ID: d59612b4-d69e-4b7f-a5b8-f541e3622c43
*** Element info: {Using=css selector, value=text = &apos;My Account&apos;}</p>
sun.reflect.GeneratedConstructorAccessor14.newInstance(Unknown Source)
<br/>at sun.reflect.DelegatingConstructorAccessorImpl.newInstance(DelegatingConstructorAccessorImpl.java:45)
<br/>at java.lang.reflect.Constructor.newInstance(Constructor.java:423)
<br/>at org.openqa.selenium.remote.ErrorHandler.createThrowable(ErrorHandler.java:204)
<br/>at org.openqa.selenium.remote.ErrorHandler.throwIfResponseFailed(ErrorHandler.java:156)
<br/>at org.openqa.selenium.remote.RemoteWebDriver.execute(RemoteWebDriver.java:605)
<br/>at io.appium.java_client.DefaultGenericMobileDriver.execute(DefaultGenericMobileDriver.java:27)
<br/>at io.appium.java_client.AppiumDriver.execute(AppiumDriver.java:1)
<br/>at io.appium.java_client.android.AndroidDriver.execute(AndroidDriver.java:1)
<br/>at org.openqa.selenium.remote.RemoteWebDriver.findElement(RemoteWebDriver.java:358)
<br/>at org.openqa.selenium.remote.RemoteWebDriver.findElementByCssSelector(RemoteWebDriver.java:447)
<br/>at io.appium.java_client.DefaultGenericMobileDriver.findElementByCssSelector(DefaultGenericMobileDriver.java:91)
<br/>at io.appium.java_client.AppiumDriver.findElementByCssSelector(AppiumDriver.java:1)
<br/>at io.appium.java_client.android.AndroidDriver.findElementByCssSelector(AndroidDriver.java:1)
<br/>at org.openqa.selenium.By$ByCssSelector.findElement(By.java:426)
<br/>at org.openqa.selenium.remote.RemoteWebDriver.findElement(RemoteWebDriver.java:350)
<br/>at io.appium.java_client.DefaultGenericMobileDriver.findElement(DefaultGenericMobileDriver.java:37)
<br/>at io.appium.java_client.AppiumDriver.findElement(AppiumDriver.java:1)
<br/>at io.appium.java_client.android.AndroidDriver.findElement(AndroidDriver.java:1)
<br/>at org.openqa.selenium.support.ui.ExpectedConditions.findElement(ExpectedConditions.java:809)
<br/>at org.openqa.selenium.support.ui.ExpectedConditions.access$000(ExpectedConditions.java:41)
<br/>at org.openqa.selenium.support.ui.ExpectedConditions$7.apply(ExpectedConditions.java:205)
<br/>at org.openqa.selenium.support.ui.ExpectedConditions$7.apply(ExpectedConditions.java:201)
<br/>at org.openqa.selenium.support.ui.FluentWait.until(FluentWait.java:209)
<br/>at com.redmart.pages.BasePage.waitForVisibilityOf(BasePage.java:53)
<br/>at com.redmart.stepdefs.AccountSteps.account_should_be_visible(AccountSteps.java:14)
<br/>at sun.reflect.NativeMethodAccessorImpl.invoke0(Native Method)
<br/>at sun.reflect.NativeMethodAccessorImpl.invoke(NativeMethodAccessorImpl.java:62)
<br/>at sun.reflect.DelegatingMethodAccessorImpl.invoke(DelegatingMethodAccessorImpl.java:43)
<br/>at java.lang.reflect.Method.invoke(Method.java:498)
<br/>at cucumber.runtime.Utils$1.call(Utils.java:40)
<br/>at cucumber.runtime.Timeout.timeout(Timeout.java:16)
<br/>at cucumber.runtime.Utils.invoke(Utils.java:34)
<br/>at cucumber.runtime.java.JavaStepDefinition.execute(JavaStepDefinition.java:38)
<br/>at cucumber.runtime.StepDefinitionMatch.runStep(StepDefinitionMatch.java:37)
<br/>at cucumber.runtime.Runtime.runStep(Runtime.java:300)
<br/>at cucumber.runtime.model.StepContainer.runStep(StepContainer.java:44)
<br/>at cucumber.runtime.model.StepContainer.runSteps(StepContainer.java:39)
<br/>at cucumber.runtime.model.CucumberScenario.run(CucumberScenario.java:44)
<br/>at cucumber.runtime.model.CucumberScenarioOutline.run(CucumberScenarioOutline.java:46)
<br/>at cucumber.runtime.model.CucumberFeature.run(CucumberFeature.java:165)
<br/>at cucumber.api.testng.TestNGCucumberRunner.runCucumber(TestNGCucumberRunner.java:63)
<br/>at cucumber.api.testng.AbstractTestNGCucumberTests.feature(AbstractTestNGCucumberTests.java:21)
<br/>at sun.reflect.NativeMethodAccessorImpl.invoke0(Native Method)
<br/>at sun.reflect.NativeMethodAccessorImpl.invoke(NativeMethodAccessorImpl.java:62)
<br/>at sun.reflect.DelegatingMethodAccessorImpl.invoke(DelegatingMethodAccessorImpl.java:43)
<br/>at java.lang.reflect.Method.invoke(Method.java:498)
<br/>at org.testng.internal.MethodInvocationHelper.invokeMethod(MethodInvocationHelper.java:80)
<br/>at org.testng.internal.Invoker.invokeMethod(Invoker.java:673)
<br/>at org.testng.internal.Invoker.invokeTestMethod(Invoker.java:842)
<br/>at org.testng.internal.Invoker.invokeTestMethods(Invoker.java:1166)
<br/>at org.testng.internal.TestMethodWorker.invokeTestMethods(TestMethodWorker.java:125)
<br/>at org.testng.internal.TestMethodWorker.run(TestMethodWorker.java:109)
<br/>at org.testng.TestRunner.runWorkers(TestRunner.java:1178)
<br/>at org.testng.TestRunner.privateRun(TestRunner.java:757)
<br/>at org.testng.TestRunner.run(TestRunner.java:608)
<br/>at org.testng.SuiteRunner.runTest(SuiteRunner.java:334)
<br/>at org.testng.SuiteRunner.runSequentially(SuiteRunner.java:329)
<br/>at org.testng.SuiteRunner.privateRun(SuiteRunner.java:291)
<br/>at org.testng.SuiteRunner.run(SuiteRunner.java:240)
<br/>at org.testng.SuiteRunnerWorker.runSuite(SuiteRunnerWorker.java:52)
<br/>at org.testng.SuiteRunnerWorker.run(SuiteRunnerWorker.java:86)
<br/>at org.testng.TestNG.runSuitesSequentially(TestNG.java:1158)
<br/>at org.testng.TestNG.runSuitesLocally(TestNG.java:1083)
<br/>at org.testng.TestNG.run(TestNG.java:999)
<br/>at org.testng.remote.AbstractRemoteTestNG.run(AbstractRemoteTestNG.java:132)
<br/>at org.testng.remote.RemoteTestNG.initAndRun(RemoteTestNG.java:230)
<br/>at org.testng.remote.RemoteTestNG.main(RemoteTestNG.java:76)
<br/>1 lines not shown
</td></tr>
<p class="totop"><a href="#summary">back to summary</a></p>
</body></html>
